
> frontend@0.1.0 dev
> next dev --port 3008

▲ Next.js 16.2.9 (Turbopack)
- Local:         http://localhost:3008
- Network:       http://192.168.10.30:3008
- Environments: .env.local
✓ Ready in 330ms

 GET / 200 in 350ms (next.js: 213ms, application-code: 137ms)
 GET / 200 in 57ms (next.js: 6ms, application-code: 51ms)
 GET / 200 in 52ms (next.js: 6ms, application-code: 46ms)
 GET / 200 in 50ms (next.js: 5ms, application-code: 45ms)
✓ Compiled in 167ms
 GET / 200 in 63ms (next.js: 13ms, application-code: 50ms)
 GET / 200 in 45ms (next.js: 4ms, application-code: 41ms)
 GET / 200 in 110ms (next.js: 4ms, application-code: 106ms)
 GET / 200 in 78ms (next.js: 9ms, application-code: 69ms)
[?25h

> frontend@0.1.0 dev
> next dev --port 3008

▲ Next.js 16.2.9 (Turbopack)
- Local:         http://localhost:3008
- Network:       http://192.168.10.30:3008
- Environments: .env.local
✓ Ready in 251ms

 GET / 200 in 258ms (next.js: 157ms, application-code: 101ms)
 GET / 200 in 52ms (next.js: 4ms, application-code: 48ms)
  Reload env: .env.local
✓ Compiled in 31ms
 GET / 200 in 82ms (next.js: 63ms, application-code: 19ms)
[?25h

> frontend@0.1.0 dev
> next dev --port 3008

▲ Next.js 16.2.9 (Turbopack)
- Local:         http://localhost:3008
- Network:       http://192.168.10.30:3008
- Environments: .env.local
✓ Ready in 240ms

 GET / 200 in 211ms (next.js: 87ms, application-code: 124ms)
 GET / 200 in 51ms (next.js: 6ms, application-code: 45ms)
[?25h

> frontend@0.1.0 dev
> next dev --port 3008

▲ Next.js 16.2.9 (Turbopack)
- Local:         http://localhost:3008
- Network:       http://192.168.10.30:3008
- Environments: .env.local
✓ Ready in 236ms

 GET / 200 in 208ms (next.js: 110ms, application-code: 98ms)
 GET / 200 in 51ms (next.js: 5ms, application-code: 47ms)
 GET / 200 in 25ms (next.js: 7ms, application-code: 18ms)
[?25h

> frontend@0.1.0 dev
> next dev --port 3008

▲ Next.js 16.2.9 (Turbopack)
- Local:         http://localhost:3008
- Network:       http://192.168.10.30:3008
- Environments: .env.local
✓ Ready in 3.3s

[?25h

> frontend@0.1.0 dev
> next dev --port 3008

▲ Next.js 16.2.9 (Turbopack)
- Local:         http://localhost:3008
- Network:       http://192.168.10.30:3008
- Environments: .env.local
✓ Ready in 343ms

[?25h

> frontend@0.1.0 dev
> next dev --port 3008

▲ Next.js 16.2.9 (Turbopack)
- Local:         http://localhost:3008
- Network:       http://192.168.10.30:3008
- Environments: .env.local
✓ Ready in 223ms

 GET / 200 in 269ms (next.js: 154ms, application-code: 115ms)
[?25h

> frontend@0.1.0 dev
> next dev --port 3008

▲ Next.js 16.2.9 (Turbopack)
- Local:         http://localhost:3008
- Network:       http://192.168.10.30:3008
- Environments: .env.local
✓ Ready in 213ms

[?25h

> frontend@0.1.0 dev
> next dev --port 3008

▲ Next.js 16.2.9 (Turbopack)
- Local:         http://localhost:3008
- Network:       http://192.168.10.30:3008
- Environments: .env.local
✓ Ready in 218ms

 GET / 200 in 213ms (next.js: 113ms, application-code: 99ms)
 GET / 200 in 53ms (next.js: 4ms, application-code: 49ms)
 GET / 200 in 48ms (next.js: 6ms, application-code: 42ms)
 GET / 200 in 94ms (next.js: 21ms, application-code: 73ms)
 GET / 200 in 99ms (next.js: 35ms, application-code: 64ms)
 GET / 200 in 46ms (next.js: 5ms, application-code: 41ms)
[?25h

> frontend@0.1.0 dev
> next dev --port 3008

▲ Next.js 16.2.9 (Turbopack)
- Local:         http://localhost:3008
- Environments: .env.local
✓ Ready in 1562ms

 GET / 200 in 286ms (next.js: 156ms, application-code: 130ms)
[?25h

> frontend@0.1.0 dev
> next dev --port 3008

▲ Next.js 16.2.9 (Turbopack)
- Local:         http://localhost:3008
- Network:       http://192.168.0.104:3008
- Environments: .env.local
✓ Ready in 2.4s

[?25h

> frontend@0.1.0 dev
> next dev --port 3008

▲ Next.js 16.2.9 (Turbopack)
- Local:         http://localhost:3008
- Network:       http://192.168.0.104:3008
- Environments: .env.local
✓ Ready in 908ms

[?25h

> frontend@0.1.0 dev
> next dev --port 3008

▲ Next.js 16.2.9 (Turbopack)
- Local:         http://localhost:3008
- Network:       http://192.168.0.104:3008
- Environments: .env.local
✓ Ready in 605ms

[?25h

> frontend@0.1.0 dev
> next dev --port 3008

▲ Next.js 16.2.9 (Turbopack)
- Local:         http://localhost:3008
- Network:       http://192.168.0.104:3008
- Environments: .env.local
✓ Ready in 878ms

 GET / 200 in 422ms (next.js: 252ms, application-code: 170ms)
[?25h

> frontend@0.1.0 dev
> next dev --port 3008

▲ Next.js 16.2.9 (Turbopack)
- Local:         http://localhost:3008
- Environments: .env.local
✓ Ready in 843ms

[?25h

> frontend@0.1.0 dev
> next dev --port 3008

▲ Next.js 16.2.9 (Turbopack)
- Local:         http://localhost:3008
- Environments: .env.local
✓ Ready in 695ms

 GET / 200 in 508ms (next.js: 347ms, application-code: 161ms)
 GET / 200 in 44ms (next.js: 9ms, application-code: 35ms)
[?25h

> frontend@0.1.0 dev
> next dev --port 3008

▲ Next.js 16.2.9 (Turbopack)
- Local:         http://localhost:3008
- Network:       http://192.168.0.104:3008
- Environments: .env.local
✓ Ready in 732ms

 GET / 200 in 421ms (next.js: 178ms, application-code: 243ms)
 GET / 200 in 69ms (next.js: 8ms, application-code: 60ms)
[?25h

> frontend@0.1.0 dev
> next dev --port 3008

▲ Next.js 16.2.9 (Turbopack)
- Local:         http://localhost:3008
- Network:       http://192.168.0.104:3008
- Environments: .env.local
✓ Ready in 2.3s

[?25h

> frontend@0.1.0 dev
> next dev --port 3008

▲ Next.js 16.2.9 (Turbopack)
- Local:         http://localhost:3008
- Network:       http://192.168.0.104:3008
- Environments: .env.local
✓ Ready in 12.0s

